17-11-22 10:49:36: Namespace(exp_name='PCM_scan_model', out_path='./experiments_PCM', dataroot='./data', src_dataset='scannet', trgt_dataset='modelnet', epochs=1, model='dgcnn', want_images='False', want_align_loss='False', want_cl='False', views_agregate='maxpool', seed=1, gpus=[0, 1, 2, 3], DefRec_dist='volume_based_voxels', num_regions=3, DefRec_on_src=False, DefRec_on_trgt='False', apply_PCM=True, batch_size=32, test_batch_size=32, optimizer='ADAM', DefRec_weight=0.0, dropout=0.5, mixup_params=1.0, lr=0.001, momentum=0.9, wd=5e-05, tloss=0.0001, alpha=0.01)
17-11-22 10:49:37: Using GPUs [0, 1, 2, 3], from 4 devices available
17-11-22 10:49:50: number of train examples in scannet: 6110
17-11-22 10:49:50: Occurrences count of classes in scannet train set: {0: 98, 1: 329, 2: 464, 3: 650, 4: 2578, 5: 161, 6: 210, 7: 88, 8: 495, 9: 1037}
17-11-22 10:49:50: number of train examples in modelnet : 4183
17-11-22 10:49:50: Occurrences count of classes in modelnet train set: {0: 106, 1: 515, 2: 572, 3: 200, 4: 889, 5: 124, 6: 465, 7: 240, 8: 680, 9: 392}
17-11-22 10:49:50: number of test examples in modelnet : 856
17-11-22 10:49:50: Occurrences count of classes in modelnet test set: {0: 50, 1: 100, 2: 100, 3: 86, 4: 100, 5: 20, 6: 100, 7: 100, 8: 100, 9: 100}
17-11-22 10:49:50: Occurrences count of classes in source scannet train part: {0: 80, 1: 270, 2: 388, 3: 517, 4: 2070, 5: 130, 6: 164, 7: 71, 8: 391, 9: 807}
17-11-22 10:49:50: Occurrences count of classes in source scannet validation part: {0: 18, 1: 59, 2: 76, 3: 133, 4: 508, 5: 31, 6: 46, 7: 17, 8: 104, 9: 230}
17-11-22 10:49:50: Occurrences count of classes in target modelnet train part: {0: 86, 1: 411, 2: 458, 3: 160, 4: 711, 5: 100, 6: 371, 7: 192, 8: 544, 9: 314}
17-11-22 10:49:50: Occurrences count of classes in target modelnet validation part: {0: 20, 1: 104, 2: 114, 3: 40, 4: 178, 5: 24, 6: 94, 7: 48, 8: 136, 9: 78}
17-11-22 10:51:10: Trn - Source 0, total loss: 1.9550, mixup loss: 1.9550
17-11-22 10:51:10: Trn - Target 0, DefRec loss: 0.0000
17-11-22 10:51:29: Val - Source 0, acc: 0.4301, avg acc: 0.1107, cls loss: 1.8165
17-11-22 10:51:43: Val - Target 0, acc: 0.2151, avg acc: 0.1026, cls loss: 2.2118
17-11-22 10:51:43: Best model was found at epoch 0, source validation accuracy: 0.4301, source validation loss: 1.8165,target validation accuracy: 0.2151, target validation loss: 2.2118
17-11-22 10:51:43: Best validtion model confusion matrix:
17-11-22 10:51:43: 
[[  0   0   0   0  18   0   0   0   0   2]
 [  0   0   0   0 103   0   0   0   0   0]
 [  0   0   0   0 114   0   0   0   0   0]
 [  0   0   0   0  40   0   0   0   0   0]
 [  0   0   0   0 177   0   0   0   0   0]
 [  0   0   0   0  24   0   0   0   0   0]
 [  0   0   0   0  93   0   0   0   0   0]
 [  0   0   0   0  47   0   0   0   0   0]
 [  0   0   0   0 129   0   0   0   0   7]
 [  0   0   0   0  76   0   0   0   0   2]]
17-11-22 10:51:57: Test - Target 0, acc: 0.1202, avg acc: 0.1000, cls loss: 2.4091
17-11-22 10:51:57: target test accuracy: 0.1202, target test loss: 2.2118
17-11-22 10:51:57: Test confusion matrix:
17-11-22 10:51:57: 
[[  0   0   0   0  47   0   0   0   0   3]
 [  0   0   0   0 100   0   0   0   0   0]
 [  0   0   0   0 100   0   0   0   0   0]
 [  0   0   0   0  86   0   0   0   0   0]
 [  0   0   0   0 100   0   0   0   0   0]
 [  0   0   0   0  20   0   0   0   0   0]
 [  0   0   0   0 100   0   0   0   0   0]
 [  0   0   0   0 100   0   0   0   0   0]
 [  0   0   0   0  98   0   0   0   0   2]
 [  0   0   0   0  76   0   0   0   0   0]]
17-11-22 10:52:30: Namespace(exp_name='PCM_scan_model', out_path='./experiments_PCM', dataroot='./data', src_dataset='scannet', trgt_dataset='modelnet', epochs=150, model='dgcnn', want_images='False', want_align_loss='False', want_cl='False', views_agregate='maxpool', seed=1, gpus=[0, 1, 2, 3], DefRec_dist='volume_based_voxels', num_regions=3, DefRec_on_src=False, DefRec_on_trgt='False', apply_PCM=True, batch_size=32, test_batch_size=32, optimizer='ADAM', DefRec_weight=0.0, dropout=0.5, mixup_params=1.0, lr=0.001, momentum=0.9, wd=5e-05, tloss=0.0001, alpha=0.01)
17-11-22 10:52:31: Using GPUs [0, 1, 2, 3], from 4 devices available
17-11-22 10:52:39: number of train examples in scannet: 6110
17-11-22 10:52:39: Occurrences count of classes in scannet train set: {0: 98, 1: 329, 2: 464, 3: 650, 4: 2578, 5: 161, 6: 210, 7: 88, 8: 495, 9: 1037}
17-11-22 10:52:39: number of train examples in modelnet : 4183
17-11-22 10:52:39: Occurrences count of classes in modelnet train set: {0: 106, 1: 515, 2: 572, 3: 200, 4: 889, 5: 124, 6: 465, 7: 240, 8: 680, 9: 392}
17-11-22 10:52:39: number of test examples in modelnet : 856
17-11-22 10:52:39: Occurrences count of classes in modelnet test set: {0: 50, 1: 100, 2: 100, 3: 86, 4: 100, 5: 20, 6: 100, 7: 100, 8: 100, 9: 100}
17-11-22 10:52:39: Occurrences count of classes in source scannet train part: {0: 80, 1: 270, 2: 388, 3: 517, 4: 2070, 5: 130, 6: 164, 7: 71, 8: 391, 9: 807}
17-11-22 10:52:39: Occurrences count of classes in source scannet validation part: {0: 18, 1: 59, 2: 76, 3: 133, 4: 508, 5: 31, 6: 46, 7: 17, 8: 104, 9: 230}
17-11-22 10:52:39: Occurrences count of classes in target modelnet train part: {0: 86, 1: 411, 2: 458, 3: 160, 4: 711, 5: 100, 6: 371, 7: 192, 8: 544, 9: 314}
17-11-22 10:52:39: Occurrences count of classes in target modelnet validation part: {0: 20, 1: 104, 2: 114, 3: 40, 4: 178, 5: 24, 6: 94, 7: 48, 8: 136, 9: 78}
17-11-22 10:53:52: Trn - Source 0, total loss: 1.9550, mixup loss: 1.9550
17-11-22 10:53:52: Trn - Target 0, DefRec loss: 0.0000
17-11-22 10:54:11: Val - Source 0, acc: 0.4301, avg acc: 0.1107, cls loss: 1.8165
17-11-22 10:54:24: Val - Target 0, acc: 0.2151, avg acc: 0.1026, cls loss: 2.2118
17-11-22 10:55:34: Trn - Source 1, total loss: 1.8610, mixup loss: 1.8610
17-11-22 10:55:34: Trn - Target 1, DefRec loss: 0.0000
17-11-22 10:55:54: Val - Source 1, acc: 0.4794, avg acc: 0.1438, cls loss: 1.6779
17-11-22 10:56:07: Val - Target 1, acc: 0.2308, avg acc: 0.1192, cls loss: 2.2022
17-11-22 10:57:16: Trn - Source 2, total loss: 1.8176, mixup loss: 1.8176
17-11-22 10:57:16: Trn - Target 2, DefRec loss: 0.0000
17-11-22 10:57:35: Val - Source 2, acc: 0.4762, avg acc: 0.1372, cls loss: 1.6734
17-11-22 10:57:49: Val - Target 2, acc: 0.2224, avg acc: 0.1092, cls loss: 2.2010
17-11-22 10:58:59: Trn - Source 3, total loss: 1.7492, mixup loss: 1.7492
17-11-22 10:58:59: Trn - Target 3, DefRec loss: 0.0000
17-11-22 10:59:18: Val - Source 3, acc: 0.4877, avg acc: 0.1500, cls loss: 1.5565
17-11-22 10:59:32: Val - Target 3, acc: 0.2728, avg acc: 0.1628, cls loss: 2.0421
17-11-22 11:00:42: Trn - Source 4, total loss: 1.7412, mixup loss: 1.7412
17-11-22 11:00:42: Trn - Target 4, DefRec loss: 0.0000
17-11-22 11:01:01: Val - Source 4, acc: 0.4992, avg acc: 0.1706, cls loss: 1.5278
17-11-22 11:01:15: Val - Target 4, acc: 0.2861, avg acc: 0.1860, cls loss: 1.9713
17-11-22 11:02:23: Trn - Source 5, total loss: 1.6732, mixup loss: 1.6732
17-11-22 11:02:23: Trn - Target 5, DefRec loss: 0.0000
17-11-22 11:02:42: Val - Source 5, acc: 0.5362, avg acc: 0.2327, cls loss: 1.3976
17-11-22 11:02:56: Val - Target 5, acc: 0.2800, avg acc: 0.1729, cls loss: 2.0130
17-11-22 11:04:06: Trn - Source 6, total loss: 1.5994, mixup loss: 1.5994
17-11-22 11:04:06: Trn - Target 6, DefRec loss: 0.0000
17-11-22 11:04:25: Val - Source 6, acc: 0.5600, avg acc: 0.2501, cls loss: 1.3169
17-11-22 11:04:39: Val - Target 6, acc: 0.4111, avg acc: 0.2656, cls loss: 1.5832
17-11-22 11:05:48: Trn - Source 7, total loss: 1.5460, mixup loss: 1.5460
17-11-22 11:05:48: Trn - Target 7, DefRec loss: 0.0000
17-11-22 11:06:07: Val - Source 7, acc: 0.6028, avg acc: 0.2760, cls loss: 1.2621
17-11-22 11:06:20: Val - Target 7, acc: 0.4038, avg acc: 0.2633, cls loss: 1.5924
17-11-22 11:07:28: Trn - Source 8, total loss: 1.5088, mixup loss: 1.5088
17-11-22 11:07:28: Trn - Target 8, DefRec loss: 0.0000
17-11-22 11:07:47: Val - Source 8, acc: 0.6316, avg acc: 0.3898, cls loss: 1.2374
17-11-22 11:08:01: Val - Target 8, acc: 0.5180, avg acc: 0.3587, cls loss: 1.4293
17-11-22 11:09:09: Trn - Source 9, total loss: 1.4782, mixup loss: 1.4782
17-11-22 11:09:09: Trn - Target 9, DefRec loss: 0.0000
17-11-22 11:09:29: Val - Source 9, acc: 0.6637, avg acc: 0.4257, cls loss: 1.1316
17-11-22 11:09:42: Val - Target 9, acc: 0.5673, avg acc: 0.4374, cls loss: 1.3276
17-11-22 11:10:52: Trn - Source 10, total loss: 1.4471, mixup loss: 1.4471
17-11-22 11:10:52: Trn - Target 10, DefRec loss: 0.0000
17-11-22 11:11:11: Val - Source 10, acc: 0.6521, avg acc: 0.4086, cls loss: 1.0888
17-11-22 11:11:25: Val - Target 10, acc: 0.4339, avg acc: 0.3429, cls loss: 1.4194
17-11-22 11:12:33: Trn - Source 11, total loss: 1.4183, mixup loss: 1.4183
17-11-22 11:12:33: Trn - Target 11, DefRec loss: 0.0000
17-11-22 11:12:52: Val - Source 11, acc: 0.6513, avg acc: 0.4462, cls loss: 1.0879
17-11-22 11:13:05: Val - Target 11, acc: 0.5745, avg acc: 0.4917, cls loss: 1.3327
17-11-22 11:14:15: Trn - Source 12, total loss: 1.4399, mixup loss: 1.4399
17-11-22 11:14:15: Trn - Target 12, DefRec loss: 0.0000
17-11-22 11:14:34: Val - Source 12, acc: 0.6316, avg acc: 0.4148, cls loss: 1.1096
17-11-22 11:14:48: Val - Target 12, acc: 0.4159, avg acc: 0.3431, cls loss: 1.4617
17-11-22 11:15:56: Trn - Source 13, total loss: 1.4400, mixup loss: 1.4400
17-11-22 11:15:56: Trn - Target 13, DefRec loss: 0.0000
17-11-22 11:16:15: Val - Source 13, acc: 0.6834, avg acc: 0.5039, cls loss: 1.0409
17-11-22 11:16:29: Val - Target 13, acc: 0.5385, avg acc: 0.4640, cls loss: 1.3062
17-11-22 11:17:38: Trn - Source 14, total loss: 1.4063, mixup loss: 1.4063
17-11-22 11:17:38: Trn - Target 14, DefRec loss: 0.0000
17-11-22 11:17:57: Val - Source 14, acc: 0.6694, avg acc: 0.4587, cls loss: 1.0085
17-11-22 11:18:11: Val - Target 14, acc: 0.5962, avg acc: 0.4761, cls loss: 1.2106
17-11-22 11:19:18: Trn - Source 15, total loss: 1.3969, mixup loss: 1.3969
17-11-22 11:19:18: Trn - Target 15, DefRec loss: 0.0000
17-11-22 11:19:37: Val - Source 15, acc: 0.6752, avg acc: 0.5080, cls loss: 1.0202
17-11-22 11:19:51: Val - Target 15, acc: 0.6130, avg acc: 0.5132, cls loss: 1.1385
17-11-22 11:20:58: Trn - Source 16, total loss: 1.3752, mixup loss: 1.3752
17-11-22 11:20:58: Trn - Target 16, DefRec loss: 0.0000
17-11-22 11:21:17: Val - Source 16, acc: 0.6653, avg acc: 0.4706, cls loss: 1.0293
17-11-22 11:21:31: Val - Target 16, acc: 0.6034, avg acc: 0.5183, cls loss: 1.2319
17-11-22 11:22:40: Trn - Source 17, total loss: 1.3736, mixup loss: 1.3736
17-11-22 11:22:40: Trn - Target 17, DefRec loss: 0.0000
17-11-22 11:22:59: Val - Source 17, acc: 0.7163, avg acc: 0.5434, cls loss: 0.9722
17-11-22 11:23:12: Val - Target 17, acc: 0.7079, avg acc: 0.5813, cls loss: 1.0442
17-11-22 11:24:23: Trn - Source 18, total loss: 1.3304, mixup loss: 1.3304
17-11-22 11:24:23: Trn - Target 18, DefRec loss: 0.0000
17-11-22 11:24:42: Val - Source 18, acc: 0.6817, avg acc: 0.4171, cls loss: 1.0044
17-11-22 11:24:55: Val - Target 18, acc: 0.4700, avg acc: 0.4015, cls loss: 1.3278
17-11-22 11:26:06: Trn - Source 19, total loss: 1.3586, mixup loss: 1.3586
17-11-22 11:26:06: Trn - Target 19, DefRec loss: 0.0000
17-11-22 11:26:25: Val - Source 19, acc: 0.6793, avg acc: 0.5457, cls loss: 1.0373
17-11-22 11:26:38: Val - Target 19, acc: 0.6514, avg acc: 0.6265, cls loss: 1.1215
17-11-22 11:27:48: Trn - Source 20, total loss: 1.3234, mixup loss: 1.3234
17-11-22 11:27:48: Trn - Target 20, DefRec loss: 0.0000
17-11-22 11:28:07: Val - Source 20, acc: 0.6801, avg acc: 0.4863, cls loss: 0.9775
17-11-22 11:28:21: Val - Target 20, acc: 0.5769, avg acc: 0.5305, cls loss: 1.1595
17-11-22 11:29:30: Trn - Source 21, total loss: 1.3547, mixup loss: 1.3547
17-11-22 11:29:30: Trn - Target 21, DefRec loss: 0.0000
17-11-22 11:29:49: Val - Source 21, acc: 0.7072, avg acc: 0.5510, cls loss: 0.9772
17-11-22 11:30:03: Val - Target 21, acc: 0.6887, avg acc: 0.6246, cls loss: 1.0052
17-11-22 11:31:14: Trn - Source 22, total loss: 1.3229, mixup loss: 1.3229
17-11-22 11:31:14: Trn - Target 22, DefRec loss: 0.0000
17-11-22 11:31:33: Val - Source 22, acc: 0.6924, avg acc: 0.5176, cls loss: 0.9451
17-11-22 11:31:46: Val - Target 22, acc: 0.6238, avg acc: 0.5544, cls loss: 1.1305
17-11-22 11:32:57: Trn - Source 23, total loss: 1.2916, mixup loss: 1.2916
17-11-22 11:32:57: Trn - Target 23, DefRec loss: 0.0000
17-11-22 11:33:16: Val - Source 23, acc: 0.7146, avg acc: 0.5552, cls loss: 0.9142
17-11-22 11:33:29: Val - Target 23, acc: 0.6611, avg acc: 0.5781, cls loss: 1.1114
17-11-22 11:34:38: Trn - Source 24, total loss: 1.3016, mixup loss: 1.3016
17-11-22 11:34:38: Trn - Target 24, DefRec loss: 0.0000
17-11-22 11:34:57: Val - Source 24, acc: 0.7015, avg acc: 0.5049, cls loss: 0.8985
17-11-22 11:35:11: Val - Target 24, acc: 0.5889, avg acc: 0.5144, cls loss: 1.1158
17-11-22 11:36:21: Trn - Source 25, total loss: 1.3296, mixup loss: 1.3296
17-11-22 11:36:21: Trn - Target 25, DefRec loss: 0.0000
17-11-22 11:36:40: Val - Source 25, acc: 0.7294, avg acc: 0.5687, cls loss: 0.8899
17-11-22 11:36:54: Val - Target 25, acc: 0.6466, avg acc: 0.6043, cls loss: 1.0563
17-11-22 11:38:04: Trn - Source 26, total loss: 1.2820, mixup loss: 1.2820
17-11-22 11:38:04: Trn - Target 26, DefRec loss: 0.0000
17-11-22 11:38:23: Val - Source 26, acc: 0.7270, avg acc: 0.5856, cls loss: 0.8682
17-11-22 11:38:37: Val - Target 26, acc: 0.6538, avg acc: 0.6192, cls loss: 1.0392
17-11-22 11:39:46: Trn - Source 27, total loss: 1.2868, mixup loss: 1.2868
17-11-22 11:39:46: Trn - Target 27, DefRec loss: 0.0000
17-11-22 11:40:06: Val - Source 27, acc: 0.7327, avg acc: 0.5553, cls loss: 0.8438
17-11-22 11:40:19: Val - Target 27, acc: 0.7260, avg acc: 0.6424, cls loss: 0.8852
17-11-22 11:41:30: Trn - Source 28, total loss: 1.2685, mixup loss: 1.2685
17-11-22 11:41:30: Trn - Target 28, DefRec loss: 0.0000
17-11-22 11:41:49: Val - Source 28, acc: 0.7237, avg acc: 0.5869, cls loss: 0.8527
17-11-22 11:42:03: Val - Target 28, acc: 0.7055, avg acc: 0.6389, cls loss: 0.8678
17-11-22 11:43:11: Trn - Source 29, total loss: 1.3033, mixup loss: 1.3033
17-11-22 11:43:11: Trn - Target 29, DefRec loss: 0.0000
17-11-22 11:43:30: Val - Source 29, acc: 0.7031, avg acc: 0.5651, cls loss: 0.9381
17-11-22 11:43:44: Val - Target 29, acc: 0.6899, avg acc: 0.6401, cls loss: 0.9983
17-11-22 11:44:52: Trn - Source 30, total loss: 1.2816, mixup loss: 1.2816
17-11-22 11:44:52: Trn - Target 30, DefRec loss: 0.0000
17-11-22 11:45:11: Val - Source 30, acc: 0.7360, avg acc: 0.6118, cls loss: 0.8936
17-11-22 11:45:25: Val - Target 30, acc: 0.7151, avg acc: 0.6665, cls loss: 0.9347
17-11-22 11:46:34: Trn - Source 31, total loss: 1.2769, mixup loss: 1.2769
17-11-22 11:46:34: Trn - Target 31, DefRec loss: 0.0000
17-11-22 11:46:53: Val - Source 31, acc: 0.7097, avg acc: 0.5634, cls loss: 0.8824
17-11-22 11:47:07: Val - Target 31, acc: 0.6887, avg acc: 0.6478, cls loss: 0.9537
17-11-22 11:48:17: Trn - Source 32, total loss: 1.2653, mixup loss: 1.2653
17-11-22 11:48:17: Trn - Target 32, DefRec loss: 0.0000
17-11-22 11:48:36: Val - Source 32, acc: 0.7286, avg acc: 0.5793, cls loss: 0.8485
17-11-22 11:48:50: Val - Target 32, acc: 0.6538, avg acc: 0.6193, cls loss: 1.0388
17-11-22 11:50:01: Trn - Source 33, total loss: 1.2682, mixup loss: 1.2682
17-11-22 11:50:01: Trn - Target 33, DefRec loss: 0.0000
17-11-22 11:50:20: Val - Source 33, acc: 0.7237, avg acc: 0.5595, cls loss: 0.8357
17-11-22 11:50:33: Val - Target 33, acc: 0.6382, avg acc: 0.6071, cls loss: 1.0847
17-11-22 11:51:43: Trn - Source 34, total loss: 1.2484, mixup loss: 1.2484
17-11-22 11:51:43: Trn - Target 34, DefRec loss: 0.0000
17-11-22 11:52:02: Val - Source 34, acc: 0.7508, avg acc: 0.6072, cls loss: 0.8528
17-11-22 11:52:16: Val - Target 34, acc: 0.7428, avg acc: 0.6551, cls loss: 0.8496
17-11-22 11:53:26: Trn - Source 35, total loss: 1.2665, mixup loss: 1.2665
17-11-22 11:53:26: Trn - Target 35, DefRec loss: 0.0000
17-11-22 11:53:46: Val - Source 35, acc: 0.7377, avg acc: 0.5701, cls loss: 0.8263
17-11-22 11:53:59: Val - Target 35, acc: 0.7079, avg acc: 0.6378, cls loss: 0.8860
17-11-22 11:55:10: Trn - Source 36, total loss: 1.2801, mixup loss: 1.2801
17-11-22 11:55:10: Trn - Target 36, DefRec loss: 0.0000
17-11-22 11:55:29: Val - Source 36, acc: 0.7393, avg acc: 0.5454, cls loss: 0.8637
17-11-22 11:55:43: Val - Target 36, acc: 0.6815, avg acc: 0.5962, cls loss: 0.9670
17-11-22 11:56:52: Trn - Source 37, total loss: 1.2572, mixup loss: 1.2572
17-11-22 11:56:52: Trn - Target 37, DefRec loss: 0.0000
17-11-22 11:57:11: Val - Source 37, acc: 0.7484, avg acc: 0.6113, cls loss: 0.8409
17-11-22 11:57:25: Val - Target 37, acc: 0.6526, avg acc: 0.5720, cls loss: 1.1041
17-11-22 11:58:32: Trn - Source 38, total loss: 1.2541, mixup loss: 1.2541
17-11-22 11:58:32: Trn - Target 38, DefRec loss: 0.0000
17-11-22 11:58:51: Val - Source 38, acc: 0.7196, avg acc: 0.5955, cls loss: 0.8929
17-11-22 11:59:04: Val - Target 38, acc: 0.6154, avg acc: 0.5766, cls loss: 1.0776
17-11-22 12:00:14: Trn - Source 39, total loss: 1.2291, mixup loss: 1.2291
17-11-22 12:00:14: Trn - Target 39, DefRec loss: 0.0000
17-11-22 12:00:33: Val - Source 39, acc: 0.7319, avg acc: 0.6172, cls loss: 0.8720
17-11-22 12:00:47: Val - Target 39, acc: 0.6298, avg acc: 0.6031, cls loss: 1.1137
17-11-22 12:01:54: Trn - Source 40, total loss: 1.2337, mixup loss: 1.2337
17-11-22 12:01:54: Trn - Target 40, DefRec loss: 0.0000
17-11-22 12:02:13: Val - Source 40, acc: 0.7442, avg acc: 0.6171, cls loss: 0.8392
17-11-22 12:02:27: Val - Target 40, acc: 0.7079, avg acc: 0.6486, cls loss: 0.9392
17-11-22 12:03:37: Trn - Source 41, total loss: 1.2473, mixup loss: 1.2473
17-11-22 12:03:37: Trn - Target 41, DefRec loss: 0.0000
17-11-22 12:03:56: Val - Source 41, acc: 0.7549, avg acc: 0.6178, cls loss: 0.8382
17-11-22 12:04:09: Val - Target 41, acc: 0.6815, avg acc: 0.6190, cls loss: 0.9467
17-11-22 12:05:19: Trn - Source 42, total loss: 1.2362, mixup loss: 1.2362
17-11-22 12:05:19: Trn - Target 42, DefRec loss: 0.0000
17-11-22 12:05:38: Val - Source 42, acc: 0.7632, avg acc: 0.6386, cls loss: 0.8067
17-11-22 12:05:52: Val - Target 42, acc: 0.7115, avg acc: 0.6655, cls loss: 0.8867
17-11-22 12:07:01: Trn - Source 43, total loss: 1.2427, mixup loss: 1.2427
17-11-22 12:07:01: Trn - Target 43, DefRec loss: 0.0000
17-11-22 12:07:19: Val - Source 43, acc: 0.7755, avg acc: 0.6552, cls loss: 0.7910
17-11-22 12:07:33: Val - Target 43, acc: 0.7692, avg acc: 0.6934, cls loss: 0.8274
17-11-22 12:08:41: Trn - Source 44, total loss: 1.2280, mixup loss: 1.2280
17-11-22 12:08:41: Trn - Target 44, DefRec loss: 0.0000
17-11-22 12:09:00: Val - Source 44, acc: 0.7582, avg acc: 0.6676, cls loss: 0.8437
17-11-22 12:09:14: Val - Target 44, acc: 0.7079, avg acc: 0.6534, cls loss: 0.9262
17-11-22 12:10:23: Trn - Source 45, total loss: 1.2237, mixup loss: 1.2237
17-11-22 12:10:23: Trn - Target 45, DefRec loss: 0.0000
17-11-22 12:10:42: Val - Source 45, acc: 0.7541, avg acc: 0.6365, cls loss: 0.8367
17-11-22 12:10:56: Val - Target 45, acc: 0.8017, avg acc: 0.7215, cls loss: 0.7626
17-11-22 12:12:03: Trn - Source 46, total loss: 1.2295, mixup loss: 1.2295
17-11-22 12:12:03: Trn - Target 46, DefRec loss: 0.0000
17-11-22 12:12:22: Val - Source 46, acc: 0.7508, avg acc: 0.6389, cls loss: 0.8217
17-11-22 12:12:36: Val - Target 46, acc: 0.6442, avg acc: 0.6174, cls loss: 1.0764
17-11-22 12:13:44: Trn - Source 47, total loss: 1.2337, mixup loss: 1.2337
17-11-22 12:13:44: Trn - Target 47, DefRec loss: 0.0000
17-11-22 12:14:03: Val - Source 47, acc: 0.7566, avg acc: 0.6663, cls loss: 0.8361
17-11-22 12:14:16: Val - Target 47, acc: 0.7897, avg acc: 0.7476, cls loss: 0.7821
17-11-22 12:15:24: Trn - Source 48, total loss: 1.2002, mixup loss: 1.2002
17-11-22 12:15:24: Trn - Target 48, DefRec loss: 0.0000
17-11-22 12:15:43: Val - Source 48, acc: 0.7607, avg acc: 0.6547, cls loss: 0.8216
17-11-22 12:15:57: Val - Target 48, acc: 0.7368, avg acc: 0.7044, cls loss: 0.8644
17-11-22 12:17:04: Trn - Source 49, total loss: 1.2110, mixup loss: 1.2110
17-11-22 12:17:04: Trn - Target 49, DefRec loss: 0.0000
17-11-22 12:17:23: Val - Source 49, acc: 0.7533, avg acc: 0.6425, cls loss: 0.8303
17-11-22 12:17:37: Val - Target 49, acc: 0.7236, avg acc: 0.6786, cls loss: 0.9405
17-11-22 12:18:45: Trn - Source 50, total loss: 1.2170, mixup loss: 1.2170
17-11-22 12:18:45: Trn - Target 50, DefRec loss: 0.0000
17-11-22 12:19:05: Val - Source 50, acc: 0.7549, avg acc: 0.6315, cls loss: 0.7666
17-11-22 12:19:18: Val - Target 50, acc: 0.7800, avg acc: 0.7095, cls loss: 0.7715
17-11-22 12:20:27: Trn - Source 51, total loss: 1.1806, mixup loss: 1.1806
17-11-22 12:20:27: Trn - Target 51, DefRec loss: 0.0000
17-11-22 12:20:46: Val - Source 51, acc: 0.7722, avg acc: 0.6602, cls loss: 0.7782
17-11-22 12:21:00: Val - Target 51, acc: 0.7404, avg acc: 0.7003, cls loss: 0.8011
17-11-22 12:22:08: Trn - Source 52, total loss: 1.1833, mixup loss: 1.1833
17-11-22 12:22:08: Trn - Target 52, DefRec loss: 0.0000
17-11-22 12:22:27: Val - Source 52, acc: 0.7689, avg acc: 0.6555, cls loss: 0.7990
17-11-22 12:22:40: Val - Target 52, acc: 0.6959, avg acc: 0.6394, cls loss: 0.9494
17-11-22 12:23:49: Trn - Source 53, total loss: 1.1805, mixup loss: 1.1805
17-11-22 12:23:49: Trn - Target 53, DefRec loss: 0.0000
17-11-22 12:24:09: Val - Source 53, acc: 0.7541, avg acc: 0.6252, cls loss: 0.7873
17-11-22 12:24:22: Val - Target 53, acc: 0.7079, avg acc: 0.6852, cls loss: 0.8785
17-11-22 12:25:32: Trn - Source 54, total loss: 1.2088, mixup loss: 1.2088
17-11-22 12:25:32: Trn - Target 54, DefRec loss: 0.0000
17-11-22 12:25:51: Val - Source 54, acc: 0.7541, avg acc: 0.6394, cls loss: 0.7674
17-11-22 12:26:04: Val - Target 54, acc: 0.7188, avg acc: 0.6730, cls loss: 0.8918
17-11-22 12:27:13: Trn - Source 55, total loss: 1.1922, mixup loss: 1.1922
17-11-22 12:27:13: Trn - Target 55, DefRec loss: 0.0000
17-11-22 12:27:32: Val - Source 55, acc: 0.7632, avg acc: 0.6325, cls loss: 0.7528
17-11-22 12:27:45: Val - Target 55, acc: 0.7392, avg acc: 0.7028, cls loss: 0.8028
17-11-22 12:28:54: Trn - Source 56, total loss: 1.1873, mixup loss: 1.1873
17-11-22 12:28:54: Trn - Target 56, DefRec loss: 0.0000
17-11-22 12:29:13: Val - Source 56, acc: 0.7747, avg acc: 0.6790, cls loss: 0.7781
17-11-22 12:29:26: Val - Target 56, acc: 0.6767, avg acc: 0.6579, cls loss: 0.9968
17-11-22 12:30:35: Trn - Source 57, total loss: 1.1776, mixup loss: 1.1776
17-11-22 12:30:35: Trn - Target 57, DefRec loss: 0.0000
17-11-22 12:30:54: Val - Source 57, acc: 0.7558, avg acc: 0.6555, cls loss: 0.8229
17-11-22 12:31:07: Val - Target 57, acc: 0.6959, avg acc: 0.6707, cls loss: 0.9938
17-11-22 12:32:12: Trn - Source 58, total loss: 1.2053, mixup loss: 1.2053
17-11-22 12:32:12: Trn - Target 58, DefRec loss: 0.0000
17-11-22 12:32:31: Val - Source 58, acc: 0.7368, avg acc: 0.5816, cls loss: 0.7887
17-11-22 12:32:45: Val - Target 58, acc: 0.7344, avg acc: 0.6806, cls loss: 0.8829
17-11-22 12:33:53: Trn - Source 59, total loss: 1.1990, mixup loss: 1.1990
17-11-22 12:33:53: Trn - Target 59, DefRec loss: 0.0000
17-11-22 12:34:12: Val - Source 59, acc: 0.7418, avg acc: 0.5972, cls loss: 0.7797
17-11-22 12:34:25: Val - Target 59, acc: 0.7236, avg acc: 0.6417, cls loss: 0.8093
17-11-22 12:35:35: Trn - Source 60, total loss: 1.1800, mixup loss: 1.1800
17-11-22 12:35:35: Trn - Target 60, DefRec loss: 0.0000
17-11-22 12:35:54: Val - Source 60, acc: 0.7706, avg acc: 0.6575, cls loss: 0.7768
17-11-22 12:36:07: Val - Target 60, acc: 0.7127, avg acc: 0.6936, cls loss: 0.8330
17-11-22 12:37:17: Trn - Source 61, total loss: 1.2067, mixup loss: 1.2067
17-11-22 12:37:17: Trn - Target 61, DefRec loss: 0.0000
17-11-22 12:37:36: Val - Source 61, acc: 0.7615, avg acc: 0.6162, cls loss: 0.7923
17-11-22 12:37:49: Val - Target 61, acc: 0.6010, avg acc: 0.5892, cls loss: 1.1236
17-11-22 12:38:58: Trn - Source 62, total loss: 1.1924, mixup loss: 1.1924
17-11-22 12:38:58: Trn - Target 62, DefRec loss: 0.0000
17-11-22 12:39:17: Val - Source 62, acc: 0.7648, avg acc: 0.6648, cls loss: 0.7727
17-11-22 12:39:30: Val - Target 62, acc: 0.8077, avg acc: 0.7399, cls loss: 0.7048
17-11-22 12:40:38: Trn - Source 63, total loss: 1.1989, mixup loss: 1.1989
17-11-22 12:40:38: Trn - Target 63, DefRec loss: 0.0000
17-11-22 12:40:57: Val - Source 63, acc: 0.7615, avg acc: 0.6427, cls loss: 0.7843
17-11-22 12:41:11: Val - Target 63, acc: 0.6971, avg acc: 0.6599, cls loss: 0.9271
17-11-22 12:42:18: Trn - Source 64, total loss: 1.1989, mixup loss: 1.1989
17-11-22 12:42:18: Trn - Target 64, DefRec loss: 0.0000
17-11-22 12:42:37: Val - Source 64, acc: 0.7821, avg acc: 0.6814, cls loss: 0.7522
17-11-22 12:42:50: Val - Target 64, acc: 0.8017, avg acc: 0.7365, cls loss: 0.7236
17-11-22 12:44:00: Trn - Source 65, total loss: 1.1872, mixup loss: 1.1872
17-11-22 12:44:00: Trn - Target 65, DefRec loss: 0.0000
17-11-22 12:44:19: Val - Source 65, acc: 0.7426, avg acc: 0.6279, cls loss: 0.8019
17-11-22 12:44:32: Val - Target 65, acc: 0.7127, avg acc: 0.6888, cls loss: 0.8683
17-11-22 12:45:42: Trn - Source 66, total loss: 1.1850, mixup loss: 1.1850
17-11-22 12:45:42: Trn - Target 66, DefRec loss: 0.0000
17-11-22 12:46:01: Val - Source 66, acc: 0.7747, avg acc: 0.6408, cls loss: 0.7583
17-11-22 12:46:15: Val - Target 66, acc: 0.7079, avg acc: 0.6594, cls loss: 0.9067
17-11-22 12:47:23: Trn - Source 67, total loss: 1.1761, mixup loss: 1.1761
17-11-22 12:47:23: Trn - Target 67, DefRec loss: 0.0000
17-11-22 12:47:42: Val - Source 67, acc: 0.7796, avg acc: 0.6723, cls loss: 0.8174
17-11-22 12:47:55: Val - Target 67, acc: 0.8029, avg acc: 0.7491, cls loss: 0.7350
17-11-22 12:49:04: Trn - Source 68, total loss: 1.1716, mixup loss: 1.1716
17-11-22 12:49:04: Trn - Target 68, DefRec loss: 0.0000
17-11-22 12:49:23: Val - Source 68, acc: 0.7812, avg acc: 0.6462, cls loss: 0.7432
17-11-22 12:49:36: Val - Target 68, acc: 0.7019, avg acc: 0.6454, cls loss: 0.8735
17-11-22 12:50:45: Trn - Source 69, total loss: 1.1403, mixup loss: 1.1403
17-11-22 12:50:45: Trn - Target 69, DefRec loss: 0.0000
17-11-22 12:51:04: Val - Source 69, acc: 0.7681, avg acc: 0.6243, cls loss: 0.7469
17-11-22 12:51:18: Val - Target 69, acc: 0.6743, avg acc: 0.6475, cls loss: 0.9125
17-11-22 12:52:27: Trn - Source 70, total loss: 1.1651, mixup loss: 1.1651
17-11-22 12:52:27: Trn - Target 70, DefRec loss: 0.0000
17-11-22 12:52:46: Val - Source 70, acc: 0.7804, avg acc: 0.6744, cls loss: 0.7554
17-11-22 12:53:00: Val - Target 70, acc: 0.7909, avg acc: 0.7456, cls loss: 0.7654
17-11-22 12:54:10: Trn - Source 71, total loss: 1.1845, mixup loss: 1.1845
17-11-22 12:54:10: Trn - Target 71, DefRec loss: 0.0000
17-11-22 12:54:29: Val - Source 71, acc: 0.7755, avg acc: 0.6492, cls loss: 0.7724
17-11-22 12:54:43: Val - Target 71, acc: 0.7320, avg acc: 0.6932, cls loss: 0.8353
17-11-22 12:55:52: Trn - Source 72, total loss: 1.1385, mixup loss: 1.1385
17-11-22 12:55:52: Trn - Target 72, DefRec loss: 0.0000
17-11-22 12:56:11: Val - Source 72, acc: 0.7697, avg acc: 0.6656, cls loss: 0.7615
17-11-22 12:56:25: Val - Target 72, acc: 0.7007, avg acc: 0.6747, cls loss: 0.8829
17-11-22 12:57:36: Trn - Source 73, total loss: 1.1615, mixup loss: 1.1615
17-11-22 12:57:36: Trn - Target 73, DefRec loss: 0.0000
17-11-22 12:57:56: Val - Source 73, acc: 0.7771, avg acc: 0.6911, cls loss: 0.7529
17-11-22 12:58:09: Val - Target 73, acc: 0.8149, avg acc: 0.7597, cls loss: 0.7062
17-11-22 12:59:19: Trn - Source 74, total loss: 1.1652, mixup loss: 1.1652
17-11-22 12:59:19: Trn - Target 74, DefRec loss: 0.0000
17-11-22 12:59:38: Val - Source 74, acc: 0.7845, avg acc: 0.6840, cls loss: 0.7371
17-11-22 12:59:52: Val - Target 74, acc: 0.7224, avg acc: 0.6851, cls loss: 0.8180
17-11-22 13:01:01: Trn - Source 75, total loss: 1.1428, mixup loss: 1.1428
17-11-22 13:01:01: Trn - Target 75, DefRec loss: 0.0000
17-11-22 13:01:20: Val - Source 75, acc: 0.7854, avg acc: 0.6668, cls loss: 0.7151
17-11-22 13:01:34: Val - Target 75, acc: 0.7548, avg acc: 0.7159, cls loss: 0.7774
17-11-22 13:02:45: Trn - Source 76, total loss: 1.1571, mixup loss: 1.1571
17-11-22 13:02:45: Trn - Target 76, DefRec loss: 0.0000
17-11-22 13:03:04: Val - Source 76, acc: 0.7780, avg acc: 0.6560, cls loss: 0.7208
17-11-22 13:03:18: Val - Target 76, acc: 0.7308, avg acc: 0.6970, cls loss: 0.8349
17-11-22 13:04:26: Trn - Source 77, total loss: 1.1745, mixup loss: 1.1745
17-11-22 13:04:26: Trn - Target 77, DefRec loss: 0.0000
17-11-22 13:04:45: Val - Source 77, acc: 0.7854, avg acc: 0.7058, cls loss: 0.7314
17-11-22 13:04:59: Val - Target 77, acc: 0.8137, avg acc: 0.7560, cls loss: 0.6745
17-11-22 13:06:08: Trn - Source 78, total loss: 1.1057, mixup loss: 1.1057
17-11-22 13:06:08: Trn - Target 78, DefRec loss: 0.0000
17-11-22 13:06:28: Val - Source 78, acc: 0.7730, avg acc: 0.6633, cls loss: 0.7572
17-11-22 13:06:41: Val - Target 78, acc: 0.6587, avg acc: 0.6350, cls loss: 0.9526
17-11-22 13:07:51: Trn - Source 79, total loss: 1.1470, mixup loss: 1.1470
17-11-22 13:07:51: Trn - Target 79, DefRec loss: 0.0000
17-11-22 13:08:10: Val - Source 79, acc: 0.7706, avg acc: 0.6474, cls loss: 0.7418
17-11-22 13:08:24: Val - Target 79, acc: 0.6995, avg acc: 0.6625, cls loss: 0.8999
17-11-22 13:09:32: Trn - Source 80, total loss: 1.1054, mixup loss: 1.1054
17-11-22 13:09:32: Trn - Target 80, DefRec loss: 0.0000
17-11-22 13:09:51: Val - Source 80, acc: 0.7722, avg acc: 0.6781, cls loss: 0.7428
17-11-22 13:10:04: Val - Target 80, acc: 0.7260, avg acc: 0.6971, cls loss: 0.8271
17-11-22 13:11:12: Trn - Source 81, total loss: 1.1531, mixup loss: 1.1531
17-11-22 13:11:12: Trn - Target 81, DefRec loss: 0.0000
17-11-22 13:11:31: Val - Source 81, acc: 0.7837, avg acc: 0.6788, cls loss: 0.7496
17-11-22 13:11:45: Val - Target 81, acc: 0.6623, avg acc: 0.6563, cls loss: 0.9386
17-11-22 13:12:54: Trn - Source 82, total loss: 1.1155, mixup loss: 1.1155
17-11-22 13:12:54: Trn - Target 82, DefRec loss: 0.0000
17-11-22 13:13:13: Val - Source 82, acc: 0.7887, avg acc: 0.6919, cls loss: 0.7108
17-11-22 13:13:27: Val - Target 82, acc: 0.7596, avg acc: 0.7148, cls loss: 0.7348
17-11-22 13:14:38: Trn - Source 83, total loss: 1.1272, mixup loss: 1.1272
17-11-22 13:14:38: Trn - Target 83, DefRec loss: 0.0000
17-11-22 13:14:57: Val - Source 83, acc: 0.7870, avg acc: 0.6893, cls loss: 0.7509
17-11-22 13:15:11: Val - Target 83, acc: 0.7452, avg acc: 0.7170, cls loss: 0.7959
17-11-22 13:16:20: Trn - Source 84, total loss: 1.1347, mixup loss: 1.1347
17-11-22 13:16:20: Trn - Target 84, DefRec loss: 0.0000
17-11-22 13:16:39: Val - Source 84, acc: 0.7829, avg acc: 0.6977, cls loss: 0.7233
17-11-22 13:16:53: Val - Target 84, acc: 0.7704, avg acc: 0.7262, cls loss: 0.7759
17-11-22 13:18:02: Trn - Source 85, total loss: 1.1387, mixup loss: 1.1387
17-11-22 13:18:02: Trn - Target 85, DefRec loss: 0.0000
17-11-22 13:18:21: Val - Source 85, acc: 0.7788, avg acc: 0.6525, cls loss: 0.7159
17-11-22 13:18:34: Val - Target 85, acc: 0.7560, avg acc: 0.7113, cls loss: 0.7346
17-11-22 13:19:44: Trn - Source 86, total loss: 1.1528, mixup loss: 1.1528
17-11-22 13:19:44: Trn - Target 86, DefRec loss: 0.0000
17-11-22 13:20:03: Val - Source 86, acc: 0.7845, avg acc: 0.6956, cls loss: 0.7356
17-11-22 13:20:17: Val - Target 86, acc: 0.7909, avg acc: 0.7420, cls loss: 0.7284
17-11-22 13:21:25: Trn - Source 87, total loss: 1.1375, mixup loss: 1.1375
17-11-22 13:21:25: Trn - Target 87, DefRec loss: 0.0000
17-11-22 13:21:44: Val - Source 87, acc: 0.7821, avg acc: 0.6844, cls loss: 0.7206
17-11-22 13:21:57: Val - Target 87, acc: 0.7885, avg acc: 0.7472, cls loss: 0.7695
17-11-22 13:23:07: Trn - Source 88, total loss: 1.1147, mixup loss: 1.1147
17-11-22 13:23:07: Trn - Target 88, DefRec loss: 0.0000
17-11-22 13:23:26: Val - Source 88, acc: 0.7903, avg acc: 0.7167, cls loss: 0.7305
17-11-22 13:23:40: Val - Target 88, acc: 0.7861, avg acc: 0.7578, cls loss: 0.7366
17-11-22 13:24:48: Trn - Source 89, total loss: 1.1097, mixup loss: 1.1097
17-11-22 13:24:48: Trn - Target 89, DefRec loss: 0.0000
17-11-22 13:25:07: Val - Source 89, acc: 0.7911, avg acc: 0.7215, cls loss: 0.7272
17-11-22 13:25:20: Val - Target 89, acc: 0.7849, avg acc: 0.7603, cls loss: 0.7403
17-11-22 13:26:30: Trn - Source 90, total loss: 1.0840, mixup loss: 1.0840
17-11-22 13:26:30: Trn - Target 90, DefRec loss: 0.0000
17-11-22 13:26:49: Val - Source 90, acc: 0.7747, avg acc: 0.6604, cls loss: 0.7053
17-11-22 13:27:03: Val - Target 90, acc: 0.7428, avg acc: 0.7015, cls loss: 0.8004
17-11-22 13:28:12: Trn - Source 91, total loss: 1.0684, mixup loss: 1.0684
17-11-22 13:28:12: Trn - Target 91, DefRec loss: 0.0000
17-11-22 13:28:31: Val - Source 91, acc: 0.7845, avg acc: 0.6721, cls loss: 0.7071
17-11-22 13:28:45: Val - Target 91, acc: 0.7320, avg acc: 0.7057, cls loss: 0.8504
17-11-22 13:29:55: Trn - Source 92, total loss: 1.1067, mixup loss: 1.1067
17-11-22 13:29:55: Trn - Target 92, DefRec loss: 0.0000
17-11-22 13:30:14: Val - Source 92, acc: 0.7903, avg acc: 0.6935, cls loss: 0.7415
17-11-22 13:30:28: Val - Target 92, acc: 0.7548, avg acc: 0.7195, cls loss: 0.7884
17-11-22 13:31:37: Trn - Source 93, total loss: 1.0960, mixup loss: 1.0960
17-11-22 13:31:37: Trn - Target 93, DefRec loss: 0.0000
17-11-22 13:31:56: Val - Source 93, acc: 0.8026, avg acc: 0.6964, cls loss: 0.7058
17-11-22 13:32:10: Val - Target 93, acc: 0.7536, avg acc: 0.7356, cls loss: 0.7612
17-11-22 13:33:17: Trn - Source 94, total loss: 1.1053, mixup loss: 1.1053
17-11-22 13:33:17: Trn - Target 94, DefRec loss: 0.0000
17-11-22 13:33:36: Val - Source 94, acc: 0.7911, avg acc: 0.6995, cls loss: 0.7100
17-11-22 13:33:50: Val - Target 94, acc: 0.7368, avg acc: 0.7049, cls loss: 0.8089
17-11-22 13:34:58: Trn - Source 95, total loss: 1.1194, mixup loss: 1.1194
17-11-22 13:34:58: Trn - Target 95, DefRec loss: 0.0000
17-11-22 13:35:18: Val - Source 95, acc: 0.8010, avg acc: 0.7252, cls loss: 0.6989
17-11-22 13:35:31: Val - Target 95, acc: 0.8197, avg acc: 0.7800, cls loss: 0.6497
17-11-22 13:36:39: Trn - Source 96, total loss: 1.0955, mixup loss: 1.0955
17-11-22 13:36:39: Trn - Target 96, DefRec loss: 0.0000
17-11-22 13:36:58: Val - Source 96, acc: 0.7944, avg acc: 0.7175, cls loss: 0.7070
17-11-22 13:37:11: Val - Target 96, acc: 0.8413, avg acc: 0.7996, cls loss: 0.6332
17-11-22 13:38:18: Trn - Source 97, total loss: 1.0948, mixup loss: 1.0948
17-11-22 13:38:18: Trn - Target 97, DefRec loss: 0.0000
17-11-22 13:38:37: Val - Source 97, acc: 0.7911, avg acc: 0.6945, cls loss: 0.7032
17-11-22 13:38:51: Val - Target 97, acc: 0.7933, avg acc: 0.7762, cls loss: 0.7128
17-11-22 13:39:58: Trn - Source 98, total loss: 1.1058, mixup loss: 1.1058
17-11-22 13:39:58: Trn - Target 98, DefRec loss: 0.0000
17-11-22 13:40:17: Val - Source 98, acc: 0.7944, avg acc: 0.6878, cls loss: 0.7280
17-11-22 13:40:31: Val - Target 98, acc: 0.7488, avg acc: 0.7318, cls loss: 0.8087
17-11-22 13:41:41: Trn - Source 99, total loss: 1.1132, mixup loss: 1.1132
17-11-22 13:41:41: Trn - Target 99, DefRec loss: 0.0000
17-11-22 13:42:00: Val - Source 99, acc: 0.7977, avg acc: 0.7014, cls loss: 0.7152
17-11-22 13:42:14: Val - Target 99, acc: 0.7909, avg acc: 0.7611, cls loss: 0.6958
17-11-22 13:43:25: Trn - Source 100, total loss: 1.1263, mixup loss: 1.1263
17-11-22 13:43:25: Trn - Target 100, DefRec loss: 0.0000
17-11-22 13:43:44: Val - Source 100, acc: 0.8018, avg acc: 0.7194, cls loss: 0.7141
17-11-22 13:43:57: Val - Target 100, acc: 0.8197, avg acc: 0.7660, cls loss: 0.6800
17-11-22 13:45:05: Trn - Source 101, total loss: 1.1153, mixup loss: 1.1153
17-11-22 13:45:05: Trn - Target 101, DefRec loss: 0.0000
17-11-22 13:45:24: Val - Source 101, acc: 0.8018, avg acc: 0.7149, cls loss: 0.7031
17-11-22 13:45:38: Val - Target 101, acc: 0.8197, avg acc: 0.7737, cls loss: 0.6821
17-11-22 13:46:47: Trn - Source 102, total loss: 1.0810, mixup loss: 1.0810
17-11-22 13:46:47: Trn - Target 102, DefRec loss: 0.0000
17-11-22 13:47:06: Val - Source 102, acc: 0.8026, avg acc: 0.7193, cls loss: 0.6787
17-11-22 13:47:20: Val - Target 102, acc: 0.7993, avg acc: 0.7737, cls loss: 0.7077
17-11-22 13:48:30: Trn - Source 103, total loss: 1.1090, mixup loss: 1.1090
17-11-22 13:48:30: Trn - Target 103, DefRec loss: 0.0000
17-11-22 13:48:49: Val - Source 103, acc: 0.7969, avg acc: 0.7194, cls loss: 0.6851
17-11-22 13:49:03: Val - Target 103, acc: 0.7656, avg acc: 0.7378, cls loss: 0.7363
17-11-22 13:50:12: Trn - Source 104, total loss: 1.0883, mixup loss: 1.0883
17-11-22 13:50:12: Trn - Target 104, DefRec loss: 0.0000
17-11-22 13:50:31: Val - Source 104, acc: 0.7919, avg acc: 0.6962, cls loss: 0.6930
17-11-22 13:50:45: Val - Target 104, acc: 0.7212, avg acc: 0.7004, cls loss: 0.8423
17-11-22 13:51:55: Trn - Source 105, total loss: 1.0984, mixup loss: 1.0984
17-11-22 13:51:55: Trn - Target 105, DefRec loss: 0.0000
17-11-22 13:52:14: Val - Source 105, acc: 0.7928, avg acc: 0.7064, cls loss: 0.7006
17-11-22 13:52:28: Val - Target 105, acc: 0.7837, avg acc: 0.7652, cls loss: 0.7076
17-11-22 13:53:35: Trn - Source 106, total loss: 1.0943, mixup loss: 1.0943
17-11-22 13:53:35: Trn - Target 106, DefRec loss: 0.0000
17-11-22 13:53:54: Val - Source 106, acc: 0.8002, avg acc: 0.7204, cls loss: 0.6826
17-11-22 13:54:07: Val - Target 106, acc: 0.7536, avg acc: 0.7334, cls loss: 0.7803
17-11-22 13:55:14: Trn - Source 107, total loss: 1.0724, mixup loss: 1.0724
17-11-22 13:55:14: Trn - Target 107, DefRec loss: 0.0000
17-11-22 13:55:32: Val - Source 107, acc: 0.7878, avg acc: 0.6727, cls loss: 0.6978
17-11-22 13:55:46: Val - Target 107, acc: 0.7596, avg acc: 0.7402, cls loss: 0.7381
17-11-22 13:56:53: Trn - Source 108, total loss: 1.1048, mixup loss: 1.1048
17-11-22 13:56:53: Trn - Target 108, DefRec loss: 0.0000
17-11-22 13:57:12: Val - Source 108, acc: 0.8010, avg acc: 0.6936, cls loss: 0.6895
17-11-22 13:57:26: Val - Target 108, acc: 0.7957, avg acc: 0.7581, cls loss: 0.6999
17-11-22 13:58:34: Trn - Source 109, total loss: 1.0984, mixup loss: 1.0984
17-11-22 13:58:34: Trn - Target 109, DefRec loss: 0.0000
17-11-22 13:58:54: Val - Source 109, acc: 0.8018, avg acc: 0.7194, cls loss: 0.6989
17-11-22 13:59:07: Val - Target 109, acc: 0.8401, avg acc: 0.7883, cls loss: 0.6472
17-11-22 14:00:15: Trn - Source 110, total loss: 1.0905, mixup loss: 1.0905
17-11-22 14:00:15: Trn - Target 110, DefRec loss: 0.0000
17-11-22 14:00:34: Val - Source 110, acc: 0.8010, avg acc: 0.7018, cls loss: 0.7078
17-11-22 14:00:48: Val - Target 110, acc: 0.7524, avg acc: 0.7303, cls loss: 0.7954
17-11-22 14:01:57: Trn - Source 111, total loss: 1.0637, mixup loss: 1.0637
17-11-22 14:01:57: Trn - Target 111, DefRec loss: 0.0000
17-11-22 14:02:16: Val - Source 111, acc: 0.8076, avg acc: 0.7112, cls loss: 0.6893
17-11-22 14:02:29: Val - Target 111, acc: 0.7764, avg acc: 0.7555, cls loss: 0.7588
17-11-22 14:03:38: Trn - Source 112, total loss: 1.0824, mixup loss: 1.0824
17-11-22 14:03:38: Trn - Target 112, DefRec loss: 0.0000
17-11-22 14:03:56: Val - Source 112, acc: 0.7845, avg acc: 0.6428, cls loss: 0.7007
17-11-22 14:04:10: Val - Target 112, acc: 0.7656, avg acc: 0.7136, cls loss: 0.7409
17-11-22 14:05:19: Trn - Source 113, total loss: 1.0838, mixup loss: 1.0838
17-11-22 14:05:19: Trn - Target 113, DefRec loss: 0.0000
17-11-22 14:05:38: Val - Source 113, acc: 0.8002, avg acc: 0.7041, cls loss: 0.6928
17-11-22 14:05:51: Val - Target 113, acc: 0.7849, avg acc: 0.7642, cls loss: 0.7192
17-11-22 14:07:01: Trn - Source 114, total loss: 1.1102, mixup loss: 1.1102
17-11-22 14:07:01: Trn - Target 114, DefRec loss: 0.0000
17-11-22 14:07:20: Val - Source 114, acc: 0.8002, avg acc: 0.6919, cls loss: 0.6919
17-11-22 14:07:34: Val - Target 114, acc: 0.7680, avg acc: 0.7484, cls loss: 0.7380
17-11-22 14:08:44: Trn - Source 115, total loss: 1.0821, mixup loss: 1.0821
17-11-22 14:08:44: Trn - Target 115, DefRec loss: 0.0000
17-11-22 14:09:02: Val - Source 115, acc: 0.8018, avg acc: 0.7075, cls loss: 0.6942
17-11-22 14:09:16: Val - Target 115, acc: 0.7500, avg acc: 0.7382, cls loss: 0.7786
17-11-22 14:10:26: Trn - Source 116, total loss: 1.0900, mixup loss: 1.0900
17-11-22 14:10:26: Trn - Target 116, DefRec loss: 0.0000
17-11-22 14:10:45: Val - Source 116, acc: 0.7969, avg acc: 0.6950, cls loss: 0.6757
17-11-22 14:10:58: Val - Target 116, acc: 0.7488, avg acc: 0.7178, cls loss: 0.7764
17-11-22 14:12:08: Trn - Source 117, total loss: 1.0311, mixup loss: 1.0311
17-11-22 14:12:08: Trn - Target 117, DefRec loss: 0.0000
17-11-22 14:12:27: Val - Source 117, acc: 0.7919, avg acc: 0.6942, cls loss: 0.6959
17-11-22 14:12:41: Val - Target 117, acc: 0.7380, avg acc: 0.7228, cls loss: 0.7807
17-11-22 14:13:49: Trn - Source 118, total loss: 1.0696, mixup loss: 1.0696
17-11-22 14:13:49: Trn - Target 118, DefRec loss: 0.0000
17-11-22 14:14:08: Val - Source 118, acc: 0.8043, avg acc: 0.7146, cls loss: 0.6844
17-11-22 14:14:22: Val - Target 118, acc: 0.7620, avg acc: 0.7471, cls loss: 0.7456
17-11-22 14:15:32: Trn - Source 119, total loss: 1.0644, mixup loss: 1.0644
17-11-22 14:15:32: Trn - Target 119, DefRec loss: 0.0000
17-11-22 14:15:51: Val - Source 119, acc: 0.8043, avg acc: 0.7188, cls loss: 0.6806
17-11-22 14:16:04: Val - Target 119, acc: 0.7596, avg acc: 0.7453, cls loss: 0.7506
17-11-22 14:17:13: Trn - Source 120, total loss: 1.0465, mixup loss: 1.0465
17-11-22 14:17:13: Trn - Target 120, DefRec loss: 0.0000
17-11-22 14:17:33: Val - Source 120, acc: 0.8018, avg acc: 0.7022, cls loss: 0.6793
17-11-22 14:17:46: Val - Target 120, acc: 0.7897, avg acc: 0.7657, cls loss: 0.7305
17-11-22 14:18:55: Trn - Source 121, total loss: 1.0751, mixup loss: 1.0751
17-11-22 14:18:55: Trn - Target 121, DefRec loss: 0.0000
17-11-22 14:19:14: Val - Source 121, acc: 0.8067, avg acc: 0.7115, cls loss: 0.6645
17-11-22 14:19:28: Val - Target 121, acc: 0.7825, avg acc: 0.7522, cls loss: 0.7216
17-11-22 14:20:36: Trn - Source 122, total loss: 1.0579, mixup loss: 1.0579
17-11-22 14:20:36: Trn - Target 122, DefRec loss: 0.0000
17-11-22 14:20:56: Val - Source 122, acc: 0.8035, avg acc: 0.7065, cls loss: 0.6748
17-11-22 14:21:09: Val - Target 122, acc: 0.7776, avg acc: 0.7596, cls loss: 0.7388
17-11-22 14:22:18: Trn - Source 123, total loss: 1.0645, mixup loss: 1.0645
17-11-22 14:22:18: Trn - Target 123, DefRec loss: 0.0000
17-11-22 14:22:37: Val - Source 123, acc: 0.8076, avg acc: 0.7055, cls loss: 0.6819
17-11-22 14:22:50: Val - Target 123, acc: 0.7812, avg acc: 0.7506, cls loss: 0.7332
17-11-22 14:24:00: Trn - Source 124, total loss: 1.0678, mixup loss: 1.0678
17-11-22 14:24:00: Trn - Target 124, DefRec loss: 0.0000
17-11-22 14:24:19: Val - Source 124, acc: 0.8002, avg acc: 0.6949, cls loss: 0.6773
17-11-22 14:24:33: Val - Target 124, acc: 0.7849, avg acc: 0.7522, cls loss: 0.7269
17-11-22 14:25:41: Trn - Source 125, total loss: 1.0494, mixup loss: 1.0494
17-11-22 14:25:41: Trn - Target 125, DefRec loss: 0.0000
17-11-22 14:26:00: Val - Source 125, acc: 0.8059, avg acc: 0.7116, cls loss: 0.6734
17-11-22 14:26:14: Val - Target 125, acc: 0.7632, avg acc: 0.7445, cls loss: 0.7563
17-11-22 14:27:25: Trn - Source 126, total loss: 1.0800, mixup loss: 1.0800
17-11-22 14:27:25: Trn - Target 126, DefRec loss: 0.0000
17-11-22 14:27:44: Val - Source 126, acc: 0.8026, avg acc: 0.7125, cls loss: 0.6708
17-11-22 14:27:58: Val - Target 126, acc: 0.7644, avg acc: 0.7458, cls loss: 0.7180
17-11-22 14:29:07: Trn - Source 127, total loss: 1.1018, mixup loss: 1.1018
17-11-22 14:29:07: Trn - Target 127, DefRec loss: 0.0000
17-11-22 14:29:26: Val - Source 127, acc: 0.8084, avg acc: 0.7259, cls loss: 0.6722
17-11-22 14:29:39: Val - Target 127, acc: 0.7716, avg acc: 0.7623, cls loss: 0.7412
17-11-22 14:30:50: Trn - Source 128, total loss: 1.0815, mixup loss: 1.0815
17-11-22 14:30:50: Trn - Target 128, DefRec loss: 0.0000
17-11-22 14:31:09: Val - Source 128, acc: 0.8067, avg acc: 0.7212, cls loss: 0.6786
17-11-22 14:31:23: Val - Target 128, acc: 0.8161, avg acc: 0.7830, cls loss: 0.6656
17-11-22 14:32:33: Trn - Source 129, total loss: 1.0316, mixup loss: 1.0316
17-11-22 14:32:33: Trn - Target 129, DefRec loss: 0.0000
17-11-22 14:32:52: Val - Source 129, acc: 0.8026, avg acc: 0.7114, cls loss: 0.6795
17-11-22 14:33:06: Val - Target 129, acc: 0.8089, avg acc: 0.7800, cls loss: 0.6862
17-11-22 14:34:16: Trn - Source 130, total loss: 1.0779, mixup loss: 1.0779
17-11-22 14:34:16: Trn - Target 130, DefRec loss: 0.0000
17-11-22 14:34:35: Val - Source 130, acc: 0.8043, avg acc: 0.7128, cls loss: 0.6723
17-11-22 14:34:48: Val - Target 130, acc: 0.8005, avg acc: 0.7720, cls loss: 0.6848
17-11-22 14:35:58: Trn - Source 131, total loss: 1.0299, mixup loss: 1.0299
17-11-22 14:35:58: Trn - Target 131, DefRec loss: 0.0000
17-11-22 14:36:17: Val - Source 131, acc: 0.8051, avg acc: 0.7086, cls loss: 0.6814
17-11-22 14:36:30: Val - Target 131, acc: 0.7945, avg acc: 0.7720, cls loss: 0.6959
17-11-22 14:37:41: Trn - Source 132, total loss: 1.0860, mixup loss: 1.0860
17-11-22 14:37:41: Trn - Target 132, DefRec loss: 0.0000
17-11-22 14:38:00: Val - Source 132, acc: 0.8035, avg acc: 0.7190, cls loss: 0.6637
17-11-22 14:38:13: Val - Target 132, acc: 0.8089, avg acc: 0.7783, cls loss: 0.6582
17-11-22 14:39:22: Trn - Source 133, total loss: 1.0343, mixup loss: 1.0343
17-11-22 14:39:22: Trn - Target 133, DefRec loss: 0.0000
17-11-22 14:39:41: Val - Source 133, acc: 0.8084, avg acc: 0.7187, cls loss: 0.6783
17-11-22 14:39:55: Val - Target 133, acc: 0.7692, avg acc: 0.7495, cls loss: 0.7360
17-11-22 14:41:04: Trn - Source 134, total loss: 0.9947, mixup loss: 0.9947
17-11-22 14:41:04: Trn - Target 134, DefRec loss: 0.0000
17-11-22 14:41:23: Val - Source 134, acc: 0.8051, avg acc: 0.7018, cls loss: 0.6675
17-11-22 14:41:36: Val - Target 134, acc: 0.7945, avg acc: 0.7673, cls loss: 0.6975
17-11-22 14:42:47: Trn - Source 135, total loss: 1.0322, mixup loss: 1.0322
17-11-22 14:42:47: Trn - Target 135, DefRec loss: 0.0000
17-11-22 14:43:06: Val - Source 135, acc: 0.8059, avg acc: 0.7061, cls loss: 0.6832
17-11-22 14:43:19: Val - Target 135, acc: 0.7764, avg acc: 0.7490, cls loss: 0.7293
17-11-22 14:44:29: Trn - Source 136, total loss: 1.0517, mixup loss: 1.0517
17-11-22 14:44:29: Trn - Target 136, DefRec loss: 0.0000
17-11-22 14:44:48: Val - Source 136, acc: 0.8051, avg acc: 0.7135, cls loss: 0.6679
17-11-22 14:45:02: Val - Target 136, acc: 0.7861, avg acc: 0.7633, cls loss: 0.7226
17-11-22 14:46:12: Trn - Source 137, total loss: 1.0889, mixup loss: 1.0889
17-11-22 14:46:12: Trn - Target 137, DefRec loss: 0.0000
17-11-22 14:46:31: Val - Source 137, acc: 0.8035, avg acc: 0.7095, cls loss: 0.6656
17-11-22 14:46:44: Val - Target 137, acc: 0.8089, avg acc: 0.7683, cls loss: 0.6522
17-11-22 14:47:52: Trn - Source 138, total loss: 1.0553, mixup loss: 1.0553
17-11-22 14:47:52: Trn - Target 138, DefRec loss: 0.0000
17-11-22 14:48:11: Val - Source 138, acc: 0.8084, avg acc: 0.7337, cls loss: 0.6599
17-11-22 14:48:24: Val - Target 138, acc: 0.8101, avg acc: 0.7828, cls loss: 0.6464
17-11-22 14:49:32: Trn - Source 139, total loss: 1.0391, mixup loss: 1.0391
17-11-22 14:49:32: Trn - Target 139, DefRec loss: 0.0000
17-11-22 14:49:51: Val - Source 139, acc: 0.8117, avg acc: 0.7223, cls loss: 0.6563
17-11-22 14:50:05: Val - Target 139, acc: 0.8089, avg acc: 0.7769, cls loss: 0.6574
17-11-22 14:51:13: Trn - Source 140, total loss: 1.0536, mixup loss: 1.0536
17-11-22 14:51:13: Trn - Target 140, DefRec loss: 0.0000
17-11-22 14:51:32: Val - Source 140, acc: 0.8018, avg acc: 0.7193, cls loss: 0.6633
17-11-22 14:51:46: Val - Target 140, acc: 0.8077, avg acc: 0.7768, cls loss: 0.6613
17-11-22 14:52:55: Trn - Source 141, total loss: 1.0278, mixup loss: 1.0278
17-11-22 14:52:55: Trn - Target 141, DefRec loss: 0.0000
17-11-22 14:53:14: Val - Source 141, acc: 0.8092, avg acc: 0.7233, cls loss: 0.6688
17-11-22 14:53:28: Val - Target 141, acc: 0.7656, avg acc: 0.7508, cls loss: 0.7338
17-11-22 14:54:36: Trn - Source 142, total loss: 1.0686, mixup loss: 1.0686
17-11-22 14:54:36: Trn - Target 142, DefRec loss: 0.0000
17-11-22 14:54:55: Val - Source 142, acc: 0.8002, avg acc: 0.7063, cls loss: 0.6736
17-11-22 14:55:09: Val - Target 142, acc: 0.7885, avg acc: 0.7538, cls loss: 0.6884
17-11-22 14:56:18: Trn - Source 143, total loss: 1.0481, mixup loss: 1.0481
17-11-22 14:56:18: Trn - Target 143, DefRec loss: 0.0000
17-11-22 14:56:37: Val - Source 143, acc: 0.8084, avg acc: 0.7154, cls loss: 0.6743
17-11-22 14:56:51: Val - Target 143, acc: 0.7812, avg acc: 0.7532, cls loss: 0.7252
17-11-22 14:57:59: Trn - Source 144, total loss: 1.0498, mixup loss: 1.0498
17-11-22 14:57:59: Trn - Target 144, DefRec loss: 0.0000
17-11-22 14:58:19: Val - Source 144, acc: 0.8100, avg acc: 0.7213, cls loss: 0.6580
17-11-22 14:58:32: Val - Target 144, acc: 0.7981, avg acc: 0.7694, cls loss: 0.6851
17-11-22 14:59:42: Trn - Source 145, total loss: 1.0697, mixup loss: 1.0697
17-11-22 14:59:42: Trn - Target 145, DefRec loss: 0.0000
17-11-22 15:00:01: Val - Source 145, acc: 0.8010, avg acc: 0.7165, cls loss: 0.6782
17-11-22 15:00:15: Val - Target 145, acc: 0.8029, avg acc: 0.7785, cls loss: 0.6920
17-11-22 15:01:24: Trn - Source 146, total loss: 1.0405, mixup loss: 1.0405
17-11-22 15:01:24: Trn - Target 146, DefRec loss: 0.0000
17-11-22 15:01:43: Val - Source 146, acc: 0.8067, avg acc: 0.7129, cls loss: 0.6605
17-11-22 15:01:57: Val - Target 146, acc: 0.8017, avg acc: 0.7681, cls loss: 0.6924
17-11-22 15:03:06: Trn - Source 147, total loss: 1.0296, mixup loss: 1.0296
17-11-22 15:03:06: Trn - Target 147, DefRec loss: 0.0000
17-11-22 15:03:25: Val - Source 147, acc: 0.8059, avg acc: 0.7231, cls loss: 0.6682
17-11-22 15:03:39: Val - Target 147, acc: 0.8005, avg acc: 0.7737, cls loss: 0.6778
17-11-22 15:04:45: Trn - Source 148, total loss: 1.0613, mixup loss: 1.0613
17-11-22 15:04:45: Trn - Target 148, DefRec loss: 0.0000
17-11-22 15:05:04: Val - Source 148, acc: 0.8059, avg acc: 0.7221, cls loss: 0.6613
17-11-22 15:05:18: Val - Target 148, acc: 0.8101, avg acc: 0.7691, cls loss: 0.6572
17-11-22 15:06:27: Trn - Source 149, total loss: 1.0394, mixup loss: 1.0394
17-11-22 15:06:27: Trn - Target 149, DefRec loss: 0.0000
17-11-22 15:06:46: Val - Source 149, acc: 0.8092, avg acc: 0.7152, cls loss: 0.6666
17-11-22 15:07:00: Val - Target 149, acc: 0.7933, avg acc: 0.7697, cls loss: 0.7141
17-11-22 15:07:00: Best model was found at epoch 139, source validation accuracy: 0.8117, source validation loss: 0.6563,target validation accuracy: 0.8089, target validation loss: 0.6574
17-11-22 15:07:00: Best validtion model confusion matrix:
17-11-22 15:07:00: 
[[ 20   0   0   0   0   0   0   0   0   0]
 [  1  80   0   0   4   0   0   0   0  19]
 [  0   0 103   2   0   2   5   0   0   0]
 [  0   0  14   8   0   1   0   0   0  17]
 [  0   0   0   0 168   1   0   0   0   7]
 [  0   0   0   3   2  19   0   0   0   0]
 [  0   0   1  10   3   5  74   0   0   1]
 [  0   0   4   3   4   3   0  34   0   0]
 [ 13   3   3   0  23   0   0   0  92   2]
 [  0   1   1   0   1   0   0   0   0  75]]
17-11-22 15:07:14: Test - Target 0, acc: 0.7344, avg acc: 0.7424, cls loss: 0.8599
17-11-22 15:07:14: target test accuracy: 0.7344, target test loss: 0.6574
17-11-22 15:07:14: Test confusion matrix:
17-11-22 15:07:14: 
[[49  0  0  0  0  0  0  0  0  1]
 [ 4 79  0  0  6  0  0  0  0 11]
 [ 0  0 96  2  0  0  1  0  0  1]
 [ 0  0 28 15  3  0  0  0  0 40]
 [ 0  0  0  1 94  0  0  0  0  5]
 [ 0  0  4  2  0 14  0  0  0  0]
 [ 0  0  1 12  9  4 74  0  0  0]
 [ 2  0  8  7 10 15  0 57  0  1]
 [19  2  3  0 17  0  0  0 57  2]
 [ 0  0  0  0  0  0  0  0  0 76]]
